Arguments: 
  /usr/local/bin/node /usr/local/bin/yarn git

PATH: 
  /Users/meepo/.rvm/gems/ruby-2.4.0/bin:/Users/meepo/.rvm/gems/ruby-2.4.0@global/bin:/Users/meepo/.rvm/rubies/ruby-2.4.0/bin:/Library/Frameworks/Python.framework/Versions/3.6/bin:/usr/local/bin:/usr/bin:/bin:/usr/sbin:/sbin:/opt/X11/bin:/Library/Frameworks/Mono.framework/Versions/Current/Commands:/Users/meepo/.rvm/gems/ruby-2.4.0/bin:/Users/meepo/.rvm/gems/ruby-2.4.0@global/bin:/Users/meepo/.rvm/rubies/ruby-2.4.0/bin:/Users/meepo/.rvm/bin:/Users/meepo/.rvm/bin

Yarn version: 
  1.5.1

Node version: 
  8.11.1

Platform: 
  darwin x64

npm manifest: 
  {
    "name": "iwe7-ng-better-scroll",
    "version": "1.0.1",
    "repository": "https://github.com/iwe7/iwe7-ng-better-scroll",
    "author": "iwe7 <1037483576@qq.com>",
    "license": "MIT",
    "private": false,
    "scripts": {
      "git": "git add . && git commit -m 'push to save' && git push origin master"
    },
    "peerDependencies": {
      "@angular/core": "*",
      "@angular/common": "*",
      "rxjs": "*",
      "better-scroll": "^1.9.1"
    },
    "ngPackage": {
      "$schema": "./node_modules/ng-packagr/ng-package.schema.json",
      "dest": "../../../iwe7/better-scroll",
      "workingDirectory": "./.ng_build",
      "lib": {
        "entryFile": "./public_api.ts",
        "comments" : "none"
      }
    }
  }

yarn manifest: 
  No manifest

Lockfile: 
  No lockfile

Trace: 
  Error: Command failed.
  Exit code: 1
  Command: sh
  Arguments: -c git add . && git commit -m 'push to save' && git push origin master
  Directory: /Volumes/meepo/wechat/iwe7-animations/src/app/ng-better-scroll
  Output:
  
      at ProcessTermError.MessageError (/usr/local/lib/node_modules/yarn/lib/cli.js:186:110)
      at new ProcessTermError (/usr/local/lib/node_modules/yarn/lib/cli.js:226:113)
      at ChildProcess.<anonymous> (/usr/local/lib/node_modules/yarn/lib/cli.js:30281:17)
      at emitTwo (events.js:126:13)
      at ChildProcess.emit (events.js:214:7)
      at maybeClose (internal/child_process.js:925:16)
      at Process.ChildProcess._handle.onexit (internal/child_process.js:209:5)
